WARNING 2019-11-15 18:10:09,642 log 228 Not Found: /
WARNING 2019-11-15 18:10:09,642 basehttp 154 "GET / HTTP/1.1" 404 2261
WARNING 2019-11-15 18:10:10,241 log 228 Not Found: /favicon.ico
WARNING 2019-11-15 18:10:10,242 basehttp 154 "GET /favicon.ico HTTP/1.1" 404 2312
WARNING 2019-11-15 18:10:16,273 log 228 Not Found: /user
WARNING 2019-11-15 18:10:16,273 basehttp 154 "GET /user HTTP/1.1" 404 2291
WARNING 2019-11-15 18:10:30,188 log 228 Not Found: /
WARNING 2019-11-15 18:10:30,190 basehttp 154 "GET / HTTP/1.1" 404 2261
WARNING 2019-11-15 18:10:38,355 log 228 Not Found: /home/
WARNING 2019-11-15 18:10:38,356 basehttp 154 "GET /home/ HTTP/1.1" 404 3487
WARNING 2019-11-15 18:10:57,096 log 228 Not Found: /home/
WARNING 2019-11-15 18:10:57,100 basehttp 154 "GET /home/ HTTP/1.1" 404 3487
WARNING 2019-12-24 17:34:19,123 log 228 Not Found: /
WARNING 2019-12-24 17:34:19,124 basehttp 154 "GET / HTTP/1.1" 404 2261
WARNING 2019-12-24 17:34:19,586 log 228 Not Found: /favicon.ico
WARNING 2019-12-24 17:34:19,587 basehttp 154 "GET /favicon.ico HTTP/1.1" 404 2312
WARNING 2019-12-24 17:34:25,114 log 228 Not Found: /user
WARNING 2019-12-24 17:34:25,117 basehttp 154 "GET /user HTTP/1.1" 404 2291
WARNING 2019-12-24 17:34:28,640 log 228 Not Found: /user/
WARNING 2019-12-24 17:34:28,641 basehttp 154 "GET /user/ HTTP/1.1" 404 2983
WARNING 2019-12-24 17:34:34,458 log 228 Method Not Allowed: /user/login/
WARNING 2019-12-24 17:34:34,459 basehttp 154 "GET /user/login/ HTTP/1.1" 405 5602
WARNING 2019-12-24 17:34:41,360 log 228 Not Found: /user/
WARNING 2019-12-24 17:34:41,361 basehttp 154 "GET /user/ HTTP/1.1" 404 2983
WARNING 2019-12-24 17:34:50,812 log 228 Not Found: /user/
WARNING 2019-12-24 17:34:50,815 basehttp 154 "GET /user/ HTTP/1.1" 404 2983
WARNING 2019-12-24 17:34:55,852 log 228 Not Found: /home
WARNING 2019-12-24 17:34:55,855 basehttp 154 "GET /home HTTP/1.1" 404 2291
WARNING 2019-12-24 17:34:58,494 log 228 Not Found: /home/
WARNING 2019-12-24 17:34:58,494 basehttp 154 "GET /home/ HTTP/1.1" 404 3487
WARNING 2019-12-24 17:35:05,206 log 228 Not Found: /home/banner/
WARNING 2019-12-24 17:35:05,207 basehttp 154 "GET /home/banner/ HTTP/1.1" 404 3508
WARNING 2020-01-03 14:30:24,429 log 228 Not Found: /
WARNING 2020-01-03 14:30:24,430 basehttp 154 "GET / HTTP/1.1" 404 2261
WARNING 2020-01-03 14:30:24,865 log 228 Not Found: /favicon.ico
WARNING 2020-01-03 14:30:24,868 basehttp 154 "GET /favicon.ico HTTP/1.1" 404 2312
WARNING 2020-01-03 14:30:33,890 log 228 Not Found: /xadin
WARNING 2020-01-03 14:30:33,893 basehttp 154 "GET /xadin HTTP/1.1" 404 2294
WARNING 2020-01-03 14:31:07,586 log 228 Not Found: /
WARNING 2020-01-03 14:31:07,588 basehttp 154 "GET / HTTP/1.1" 404 2261
WARNING 2020-01-03 14:31:15,924 log 228 Not Found: /home
WARNING 2020-01-03 14:31:15,925 basehttp 154 "GET /home HTTP/1.1" 404 2291
